error: uncaughtException: Cannot find module './applyMiddleware'
Error: Cannot find module './applyMiddleware'
    at Function.Module._resolveFilename (internal/modules/cjs/loader.js:636:15)
    at Function.Module._load (internal/modules/cjs/loader.js:562:25)
    at Module.require (internal/modules/cjs/loader.js:692:17)
    at require (internal/modules/cjs/helpers.js:25:18)
    at Object.<anonymous> (C:\Users\user\Desktop\Node-Setup\util\index.js:1:27)
    at Module._compile (internal/modules/cjs/loader.js:778:30)
    at Object.Module._extensions..js (internal/modules/cjs/loader.js:789:10)
    at Module.load (internal/modules/cjs/loader.js:653:32)
    at tryModuleLoad (internal/modules/cjs/loader.js:593:12)
    at Function.Module._load (internal/modules/cjs/loader.js:585:3) {"error":{"code":"MODULE_NOT_FOUND"},"stack":"Error: Cannot find module './applyMiddleware'\n    at Function.Module._resolveFilename (internal/modules/cjs/loader.js:636:15)\n    at Function.Module._load (internal/modules/cjs/loader.js:562:25)\n    at Module.require (internal/modules/cjs/loader.js:692:17)\n    at require (internal/modules/cjs/helpers.js:25:18)\n    at Object.<anonymous> (C:\\Users\\user\\Desktop\\Node-Setup\\util\\index.js:1:27)\n    at Module._compile (internal/modules/cjs/loader.js:778:30)\n    at Object.Module._extensions..js (internal/modules/cjs/loader.js:789:10)\n    at Module.load (internal/modules/cjs/loader.js:653:32)\n    at tryModuleLoad (internal/modules/cjs/loader.js:593:12)\n    at Function.Module._load (internal/modules/cjs/loader.js:585:3)","exception":true,"date":"Sun May 24 2020 00:44:13 GMT+0100 (West Africa Standard Time)","process":{"pid":3912,"uid":null,"gid":null,"cwd":"C:\\Users\\user\\Desktop\\Node-Setup","execPath":"C:\\Program Files\\nodejs\\node.exe","version":"v10.16.3","argv":["C:\\Program Files\\nodejs\\node.exe","C:\\Users\\user\\Desktop\\Node-Setup\\index.js"],"memoryUsage":{"rss":34238464,"heapTotal":20168704,"heapUsed":12077512,"external":246899}},"os":{"loadavg":[0,0,0],"uptime":182393},"trace":[{"column":15,"file":"internal/modules/cjs/loader.js","function":"Module._resolveFilename","line":636,"method":"_resolveFilename","native":false},{"column":25,"file":"internal/modules/cjs/loader.js","function":"Module._load","line":562,"method":"_load","native":false},{"column":17,"file":"internal/modules/cjs/loader.js","function":"Module.require","line":692,"method":"require","native":false},{"column":18,"file":"internal/modules/cjs/helpers.js","function":"require","line":25,"method":null,"native":false},{"column":27,"file":"C:\\Users\\user\\Desktop\\Node-Setup\\util\\index.js","function":null,"line":1,"method":null,"native":false},{"column":30,"file":"internal/modules/cjs/loader.js","function":"Module._compile","line":778,"method":"_compile","native":false},{"column":10,"file":"internal/modules/cjs/loader.js","function":"Module._extensions..js","line":789,"method":".js","native":false},{"column":32,"file":"internal/modules/cjs/loader.js","function":"Module.load","line":653,"method":"load","native":false},{"column":12,"file":"internal/modules/cjs/loader.js","function":"tryModuleLoad","line":593,"method":null,"native":false},{"column":3,"file":"internal/modules/cjs/loader.js","function":"Module._load","line":585,"method":"_load","native":false}]}
error: uncaughtException: Cannot find module './applyMiddleware'
Error: Cannot find module './applyMiddleware'
    at Function.Module._resolveFilename (internal/modules/cjs/loader.js:636:15)
    at Function.Module._load (internal/modules/cjs/loader.js:562:25)
    at Module.require (internal/modules/cjs/loader.js:692:17)
    at require (internal/modules/cjs/helpers.js:25:18)
    at Object.<anonymous> (C:\Users\user\Desktop\Node-Setup\util\index.js:1:27)
    at Module._compile (internal/modules/cjs/loader.js:778:30)
    at Object.Module._extensions..js (internal/modules/cjs/loader.js:789:10)
    at Module.load (internal/modules/cjs/loader.js:653:32)
    at tryModuleLoad (internal/modules/cjs/loader.js:593:12)
    at Function.Module._load (internal/modules/cjs/loader.js:585:3) {"error":{"code":"MODULE_NOT_FOUND"},"stack":"Error: Cannot find module './applyMiddleware'\n    at Function.Module._resolveFilename (internal/modules/cjs/loader.js:636:15)\n    at Function.Module._load (internal/modules/cjs/loader.js:562:25)\n    at Module.require (internal/modules/cjs/loader.js:692:17)\n    at require (internal/modules/cjs/helpers.js:25:18)\n    at Object.<anonymous> (C:\\Users\\user\\Desktop\\Node-Setup\\util\\index.js:1:27)\n    at Module._compile (internal/modules/cjs/loader.js:778:30)\n    at Object.Module._extensions..js (internal/modules/cjs/loader.js:789:10)\n    at Module.load (internal/modules/cjs/loader.js:653:32)\n    at tryModuleLoad (internal/modules/cjs/loader.js:593:12)\n    at Function.Module._load (internal/modules/cjs/loader.js:585:3)","exception":true,"date":"Sun May 24 2020 00:44:55 GMT+0100 (West Africa Standard Time)","process":{"pid":14144,"uid":null,"gid":null,"cwd":"C:\\Users\\user\\Desktop\\Node-Setup","execPath":"C:\\Program Files\\nodejs\\node.exe","version":"v10.16.3","argv":["C:\\Program Files\\nodejs\\node.exe","C:\\Users\\user\\Desktop\\Node-Setup\\index.js"],"memoryUsage":{"rss":34189312,"heapTotal":20692992,"heapUsed":11923992,"external":228763}},"os":{"loadavg":[0,0,0],"uptime":182435},"trace":[{"column":15,"file":"internal/modules/cjs/loader.js","function":"Module._resolveFilename","line":636,"method":"_resolveFilename","native":false},{"column":25,"file":"internal/modules/cjs/loader.js","function":"Module._load","line":562,"method":"_load","native":false},{"column":17,"file":"internal/modules/cjs/loader.js","function":"Module.require","line":692,"method":"require","native":false},{"column":18,"file":"internal/modules/cjs/helpers.js","function":"require","line":25,"method":null,"native":false},{"column":27,"file":"C:\\Users\\user\\Desktop\\Node-Setup\\util\\index.js","function":null,"line":1,"method":null,"native":false},{"column":30,"file":"internal/modules/cjs/loader.js","function":"Module._compile","line":778,"method":"_compile","native":false},{"column":10,"file":"internal/modules/cjs/loader.js","function":"Module._extensions..js","line":789,"method":".js","native":false},{"column":32,"file":"internal/modules/cjs/loader.js","function":"Module.load","line":653,"method":"load","native":false},{"column":12,"file":"internal/modules/cjs/loader.js","function":"tryModuleLoad","line":593,"method":null,"native":false},{"column":3,"file":"internal/modules/cjs/loader.js","function":"Module._load","line":585,"method":"_load","native":false}]}
error: uncaughtException: Cannot find module 'morgan'
Error: Cannot find module 'morgan'
    at Function.Module._resolveFilename (internal/modules/cjs/loader.js:636:15)
    at Function.Module._load (internal/modules/cjs/loader.js:562:25)
    at Module.require (internal/modules/cjs/loader.js:692:17)
    at require (internal/modules/cjs/helpers.js:25:18)
    at module.exports (C:\Users\user\Desktop\Node-Setup\util\applyMiddlewares.js:3:11)
    at Object.<anonymous> (C:\Users\user\Desktop\Node-Setup\index.js:4:1)
    at Module._compile (internal/modules/cjs/loader.js:778:30)
    at Object.Module._extensions..js (internal/modules/cjs/loader.js:789:10)
    at Module.load (internal/modules/cjs/loader.js:653:32)
    at tryModuleLoad (internal/modules/cjs/loader.js:593:12)
    at Function.Module._load (internal/modules/cjs/loader.js:585:3)
    at Function.Module.runMain (internal/modules/cjs/loader.js:831:12)
    at startup (internal/bootstrap/node.js:283:19)
    at bootstrapNodeJSCore (internal/bootstrap/node.js:622:3) {"error":{"code":"MODULE_NOT_FOUND"},"stack":"Error: Cannot find module 'morgan'\n    at Function.Module._resolveFilename (internal/modules/cjs/loader.js:636:15)\n    at Function.Module._load (internal/modules/cjs/loader.js:562:25)\n    at Module.require (internal/modules/cjs/loader.js:692:17)\n    at require (internal/modules/cjs/helpers.js:25:18)\n    at module.exports (C:\\Users\\user\\Desktop\\Node-Setup\\util\\applyMiddlewares.js:3:11)\n    at Object.<anonymous> (C:\\Users\\user\\Desktop\\Node-Setup\\index.js:4:1)\n    at Module._compile (internal/modules/cjs/loader.js:778:30)\n    at Object.Module._extensions..js (internal/modules/cjs/loader.js:789:10)\n    at Module.load (internal/modules/cjs/loader.js:653:32)\n    at tryModuleLoad (internal/modules/cjs/loader.js:593:12)\n    at Function.Module._load (internal/modules/cjs/loader.js:585:3)\n    at Function.Module.runMain (internal/modules/cjs/loader.js:831:12)\n    at startup (internal/bootstrap/node.js:283:19)\n    at bootstrapNodeJSCore (internal/bootstrap/node.js:622:3)","exception":true,"date":"Sun May 24 2020 00:45:48 GMT+0100 (West Africa Standard Time)","process":{"pid":7100,"uid":null,"gid":null,"cwd":"C:\\Users\\user\\Desktop\\Node-Setup","execPath":"C:\\Program Files\\nodejs\\node.exe","version":"v10.16.3","argv":["C:\\Program Files\\nodejs\\node.exe","C:\\Users\\user\\Desktop\\Node-Setup\\index.js"],"memoryUsage":{"rss":54337536,"heapTotal":37994496,"heapUsed":19035840,"external":18417637}},"os":{"loadavg":[0,0,0],"uptime":182488},"trace":[{"column":15,"file":"internal/modules/cjs/loader.js","function":"Module._resolveFilename","line":636,"method":"_resolveFilename","native":false},{"column":25,"file":"internal/modules/cjs/loader.js","function":"Module._load","line":562,"method":"_load","native":false},{"column":17,"file":"internal/modules/cjs/loader.js","function":"Module.require","line":692,"method":"require","native":false},{"column":18,"file":"internal/modules/cjs/helpers.js","function":"require","line":25,"method":null,"native":false},{"column":11,"file":"C:\\Users\\user\\Desktop\\Node-Setup\\util\\applyMiddlewares.js","function":"module.exports","line":3,"method":"exports","native":false},{"column":1,"file":"C:\\Users\\user\\Desktop\\Node-Setup\\index.js","function":null,"line":4,"method":null,"native":false},{"column":30,"file":"internal/modules/cjs/loader.js","function":"Module._compile","line":778,"method":"_compile","native":false},{"column":10,"file":"internal/modules/cjs/loader.js","function":"Module._extensions..js","line":789,"method":".js","native":false},{"column":32,"file":"internal/modules/cjs/loader.js","function":"Module.load","line":653,"method":"load","native":false},{"column":12,"file":"internal/modules/cjs/loader.js","function":"tryModuleLoad","line":593,"method":null,"native":false},{"column":3,"file":"internal/modules/cjs/loader.js","function":"Module._load","line":585,"method":"_load","native":false},{"column":12,"file":"internal/modules/cjs/loader.js","function":"Module.runMain","line":831,"method":"runMain","native":false},{"column":19,"file":"internal/bootstrap/node.js","function":"startup","line":283,"method":null,"native":false},{"column":3,"file":"internal/bootstrap/node.js","function":"bootstrapNodeJSCore","line":622,"method":null,"native":false}]}
error: uncaughtException: Configuration property "db" is not defined
Error: Configuration property "db" is not defined
    at Config.get (C:\Users\user\Desktop\Node-Setup\node_modules\config\lib\config.js:182:11)
    at module.exports (C:\Users\user\Desktop\Node-Setup\util\db.js:8:16)
    at Object.<anonymous> (C:\Users\user\Desktop\Node-Setup\index.js:5:1)
    at Module._compile (internal/modules/cjs/loader.js:778:30)
    at Object.Module._extensions..js (internal/modules/cjs/loader.js:789:10)
    at Module.load (internal/modules/cjs/loader.js:653:32)
    at tryModuleLoad (internal/modules/cjs/loader.js:593:12)
    at Function.Module._load (internal/modules/cjs/loader.js:585:3)
    at Function.Module.runMain (internal/modules/cjs/loader.js:831:12)
    at startup (internal/bootstrap/node.js:283:19)
    at bootstrapNodeJSCore (internal/bootstrap/node.js:622:3) {"error":{},"stack":"Error: Configuration property \"db\" is not defined\n    at Config.get (C:\\Users\\user\\Desktop\\Node-Setup\\node_modules\\config\\lib\\config.js:182:11)\n    at module.exports (C:\\Users\\user\\Desktop\\Node-Setup\\util\\db.js:8:16)\n    at Object.<anonymous> (C:\\Users\\user\\Desktop\\Node-Setup\\index.js:5:1)\n    at Module._compile (internal/modules/cjs/loader.js:778:30)\n    at Object.Module._extensions..js (internal/modules/cjs/loader.js:789:10)\n    at Module.load (internal/modules/cjs/loader.js:653:32)\n    at tryModuleLoad (internal/modules/cjs/loader.js:593:12)\n    at Function.Module._load (internal/modules/cjs/loader.js:585:3)\n    at Function.Module.runMain (internal/modules/cjs/loader.js:831:12)\n    at startup (internal/bootstrap/node.js:283:19)\n    at bootstrapNodeJSCore (internal/bootstrap/node.js:622:3)","exception":true,"date":"Sun May 24 2020 00:46:10 GMT+0100 (West Africa Standard Time)","process":{"pid":2844,"uid":null,"gid":null,"cwd":"C:\\Users\\user\\Desktop\\Node-Setup","execPath":"C:\\Program Files\\nodejs\\node.exe","version":"v10.16.3","argv":["C:\\Program Files\\nodejs\\node.exe","C:\\Users\\user\\Desktop\\Node-Setup\\index.js"],"memoryUsage":{"rss":54702080,"heapTotal":37470208,"heapUsed":21067288,"external":18543253}},"os":{"loadavg":[0,0,0],"uptime":182510},"trace":[{"column":11,"file":"C:\\Users\\user\\Desktop\\Node-Setup\\node_modules\\config\\lib\\config.js","function":"Config.get","line":182,"method":"get","native":false},{"column":16,"file":"C:\\Users\\user\\Desktop\\Node-Setup\\util\\db.js","function":"module.exports","line":8,"method":"exports","native":false},{"column":1,"file":"C:\\Users\\user\\Desktop\\Node-Setup\\index.js","function":null,"line":5,"method":null,"native":false},{"column":30,"file":"internal/modules/cjs/loader.js","function":"Module._compile","line":778,"method":"_compile","native":false},{"column":10,"file":"internal/modules/cjs/loader.js","function":"Module._extensions..js","line":789,"method":".js","native":false},{"column":32,"file":"internal/modules/cjs/loader.js","function":"Module.load","line":653,"method":"load","native":false},{"column":12,"file":"internal/modules/cjs/loader.js","function":"tryModuleLoad","line":593,"method":null,"native":false},{"column":3,"file":"internal/modules/cjs/loader.js","function":"Module._load","line":585,"method":"_load","native":false},{"column":12,"file":"internal/modules/cjs/loader.js","function":"Module.runMain","line":831,"method":"runMain","native":false},{"column":19,"file":"internal/bootstrap/node.js","function":"startup","line":283,"method":null,"native":false},{"column":3,"file":"internal/bootstrap/node.js","function":"bootstrapNodeJSCore","line":622,"method":null,"native":false}]}
error: uncaughtException: Cannot parse config file: 'C:\Users\user\Desktop\Node-Setup\config\default.json': SyntaxError: Unexpected end of JSON input
Error: Cannot parse config file: 'C:\Users\user\Desktop\Node-Setup\config\default.json': SyntaxError: Unexpected end of JSON input
    at Config.util.parseFile (C:\Users\user\Desktop\Node-Setup\node_modules\config\lib\config.js:794:11)
    at C:\Users\user\Desktop\Node-Setup\node_modules\config\lib\config.js:601:26
    at Array.forEach (<anonymous>)
    at Config.util.loadFileConfigs (C:\Users\user\Desktop\Node-Setup\node_modules\config\lib\config.js:600:16)
    at new Config (C:\Users\user\Desktop\Node-Setup\node_modules\config\lib\config.js:116:27)
    at Object.<anonymous> (C:\Users\user\Desktop\Node-Setup\node_modules\config\lib\config.js:1441:31)
    at Module._compile (internal/modules/cjs/loader.js:778:30)
    at Object.Module._extensions..js (internal/modules/cjs/loader.js:789:10)
    at Module.load (internal/modules/cjs/loader.js:653:32)
    at tryModuleLoad (internal/modules/cjs/loader.js:593:12)
    at Function.Module._load (internal/modules/cjs/loader.js:585:3)
    at Module.require (internal/modules/cjs/loader.js:692:17)
    at require (internal/modules/cjs/helpers.js:25:18)
    at Object.<anonymous> (C:\Users\user\Desktop\Node-Setup\util\db.js:3:16)
    at Module._compile (internal/modules/cjs/loader.js:778:30)
    at Object.Module._extensions..js (internal/modules/cjs/loader.js:789:10) {"error":{},"stack":"Error: Cannot parse config file: 'C:\\Users\\user\\Desktop\\Node-Setup\\config\\default.json': SyntaxError: Unexpected end of JSON input\n    at Config.util.parseFile (C:\\Users\\user\\Desktop\\Node-Setup\\node_modules\\config\\lib\\config.js:794:11)\n    at C:\\Users\\user\\Desktop\\Node-Setup\\node_modules\\config\\lib\\config.js:601:26\n    at Array.forEach (<anonymous>)\n    at Config.util.loadFileConfigs (C:\\Users\\user\\Desktop\\Node-Setup\\node_modules\\config\\lib\\config.js:600:16)\n    at new Config (C:\\Users\\user\\Desktop\\Node-Setup\\node_modules\\config\\lib\\config.js:116:27)\n    at Object.<anonymous> (C:\\Users\\user\\Desktop\\Node-Setup\\node_modules\\config\\lib\\config.js:1441:31)\n    at Module._compile (internal/modules/cjs/loader.js:778:30)\n    at Object.Module._extensions..js (internal/modules/cjs/loader.js:789:10)\n    at Module.load (internal/modules/cjs/loader.js:653:32)\n    at tryModuleLoad (internal/modules/cjs/loader.js:593:12)\n    at Function.Module._load (internal/modules/cjs/loader.js:585:3)\n    at Module.require (internal/modules/cjs/loader.js:692:17)\n    at require (internal/modules/cjs/helpers.js:25:18)\n    at Object.<anonymous> (C:\\Users\\user\\Desktop\\Node-Setup\\util\\db.js:3:16)\n    at Module._compile (internal/modules/cjs/loader.js:778:30)\n    at Object.Module._extensions..js (internal/modules/cjs/loader.js:789:10)","exception":true,"date":"Sun May 24 2020 00:46:52 GMT+0100 (West Africa Standard Time)","process":{"pid":1344,"uid":null,"gid":null,"cwd":"C:\\Users\\user\\Desktop\\Node-Setup","execPath":"C:\\Program Files\\nodejs\\node.exe","version":"v10.16.3","argv":["C:\\Program Files\\nodejs\\node.exe","C:\\Users\\user\\Desktop\\Node-Setup\\index.js"],"memoryUsage":{"rss":54538240,"heapTotal":37994496,"heapUsed":18421152,"external":18389122}},"os":{"loadavg":[0,0,0],"uptime":182552},"trace":[{"column":11,"file":"C:\\Users\\user\\Desktop\\Node-Setup\\node_modules\\config\\lib\\config.js","function":"Config.util.parseFile","line":794,"method":"parseFile","native":false},{"column":26,"file":"C:\\Users\\user\\Desktop\\Node-Setup\\node_modules\\config\\lib\\config.js","function":null,"line":601,"method":null,"native":false},{"column":null,"file":null,"function":"Array.forEach","line":null,"method":"forEach","native":false},{"column":16,"file":"C:\\Users\\user\\Desktop\\Node-Setup\\node_modules\\config\\lib\\config.js","function":"Config.util.loadFileConfigs","line":600,"method":"loadFileConfigs","native":false},{"column":27,"file":"C:\\Users\\user\\Desktop\\Node-Setup\\node_modules\\config\\lib\\config.js","function":"new Config","line":116,"method":null,"native":false},{"column":31,"file":"C:\\Users\\user\\Desktop\\Node-Setup\\node_modules\\config\\lib\\config.js","function":null,"line":1441,"method":null,"native":false},{"column":30,"file":"internal/modules/cjs/loader.js","function":"Module._compile","line":778,"method":"_compile","native":false},{"column":10,"file":"internal/modules/cjs/loader.js","function":"Module._extensions..js","line":789,"method":".js","native":false},{"column":32,"file":"internal/modules/cjs/loader.js","function":"Module.load","line":653,"method":"load","native":false},{"column":12,"file":"internal/modules/cjs/loader.js","function":"tryModuleLoad","line":593,"method":null,"native":false},{"column":3,"file":"internal/modules/cjs/loader.js","function":"Module._load","line":585,"method":"_load","native":false},{"column":17,"file":"internal/modules/cjs/loader.js","function":"Module.require","line":692,"method":"require","native":false},{"column":18,"file":"internal/modules/cjs/helpers.js","function":"require","line":25,"method":null,"native":false},{"column":16,"file":"C:\\Users\\user\\Desktop\\Node-Setup\\util\\db.js","function":null,"line":3,"method":null,"native":false},{"column":30,"file":"internal/modules/cjs/loader.js","function":"Module._compile","line":778,"method":"_compile","native":false},{"column":10,"file":"internal/modules/cjs/loader.js","function":"Module._extensions..js","line":789,"method":".js","native":false}]}
error: uncaughtException: Cannot find module '../routes/users'
Error: Cannot find module '../routes/users'
    at Function.Module._resolveFilename (internal/modules/cjs/loader.js:636:15)
    at Function.Module._load (internal/modules/cjs/loader.js:562:25)
    at Module.require (internal/modules/cjs/loader.js:692:17)
    at require (internal/modules/cjs/helpers.js:25:18)
    at module.exports (C:\Users\user\Desktop\Node-Setup\util\applyRoutes.js:2:24)
    at Object.<anonymous> (C:\Users\user\Desktop\Node-Setup\index.js:6:1)
    at Module._compile (internal/modules/cjs/loader.js:778:30)
    at Object.Module._extensions..js (internal/modules/cjs/loader.js:789:10)
    at Module.load (internal/modules/cjs/loader.js:653:32)
    at tryModuleLoad (internal/modules/cjs/loader.js:593:12)
    at Function.Module._load (internal/modules/cjs/loader.js:585:3)
    at Function.Module.runMain (internal/modules/cjs/loader.js:831:12)
    at startup (internal/bootstrap/node.js:283:19)
    at bootstrapNodeJSCore (internal/bootstrap/node.js:622:3) {"error":{"code":"MODULE_NOT_FOUND"},"stack":"Error: Cannot find module '../routes/users'\n    at Function.Module._resolveFilename (internal/modules/cjs/loader.js:636:15)\n    at Function.Module._load (internal/modules/cjs/loader.js:562:25)\n    at Module.require (internal/modules/cjs/loader.js:692:17)\n    at require (internal/modules/cjs/helpers.js:25:18)\n    at module.exports (C:\\Users\\user\\Desktop\\Node-Setup\\util\\applyRoutes.js:2:24)\n    at Object.<anonymous> (C:\\Users\\user\\Desktop\\Node-Setup\\index.js:6:1)\n    at Module._compile (internal/modules/cjs/loader.js:778:30)\n    at Object.Module._extensions..js (internal/modules/cjs/loader.js:789:10)\n    at Module.load (internal/modules/cjs/loader.js:653:32)\n    at tryModuleLoad (internal/modules/cjs/loader.js:593:12)\n    at Function.Module._load (internal/modules/cjs/loader.js:585:3)\n    at Function.Module.runMain (internal/modules/cjs/loader.js:831:12)\n    at startup (internal/bootstrap/node.js:283:19)\n    at bootstrapNodeJSCore (internal/bootstrap/node.js:622:3)","exception":true,"date":"Sun May 24 2020 00:47:07 GMT+0100 (West Africa Standard Time)","process":{"pid":12608,"uid":null,"gid":null,"cwd":"C:\\Users\\user\\Desktop\\Node-Setup","execPath":"C:\\Program Files\\nodejs\\node.exe","version":"v10.16.3","argv":["C:\\Program Files\\nodejs\\node.exe","C:\\Users\\user\\Desktop\\Node-Setup\\index.js"],"memoryUsage":{"rss":55291904,"heapTotal":37470208,"heapUsed":21707856,"external":18543253}},"os":{"loadavg":[0,0,0],"uptime":182567},"trace":[{"column":15,"file":"internal/modules/cjs/loader.js","function":"Module._resolveFilename","line":636,"method":"_resolveFilename","native":false},{"column":25,"file":"internal/modules/cjs/loader.js","function":"Module._load","line":562,"method":"_load","native":false},{"column":17,"file":"internal/modules/cjs/loader.js","function":"Module.require","line":692,"method":"require","native":false},{"column":18,"file":"internal/modules/cjs/helpers.js","function":"require","line":25,"method":null,"native":false},{"column":24,"file":"C:\\Users\\user\\Desktop\\Node-Setup\\util\\applyRoutes.js","function":"module.exports","line":2,"method":"exports","native":false},{"column":1,"file":"C:\\Users\\user\\Desktop\\Node-Setup\\index.js","function":null,"line":6,"method":null,"native":false},{"column":30,"file":"internal/modules/cjs/loader.js","function":"Module._compile","line":778,"method":"_compile","native":false},{"column":10,"file":"internal/modules/cjs/loader.js","function":"Module._extensions..js","line":789,"method":".js","native":false},{"column":32,"file":"internal/modules/cjs/loader.js","function":"Module.load","line":653,"method":"load","native":false},{"column":12,"file":"internal/modules/cjs/loader.js","function":"tryModuleLoad","line":593,"method":null,"native":false},{"column":3,"file":"internal/modules/cjs/loader.js","function":"Module._load","line":585,"method":"_load","native":false},{"column":12,"file":"internal/modules/cjs/loader.js","function":"Module.runMain","line":831,"method":"runMain","native":false},{"column":19,"file":"internal/bootstrap/node.js","function":"startup","line":283,"method":null,"native":false},{"column":3,"file":"internal/bootstrap/node.js","function":"bootstrapNodeJSCore","line":622,"method":null,"native":false}]}
error: uncaughtException: Cannot find module '../routes/users'
Error: Cannot find module '../routes/users'
    at Function.Module._resolveFilename (internal/modules/cjs/loader.js:636:15)
    at Function.Module._load (internal/modules/cjs/loader.js:562:25)
    at Module.require (internal/modules/cjs/loader.js:692:17)
    at require (internal/modules/cjs/helpers.js:25:18)
    at module.exports (C:\Users\user\Desktop\Node-Setup\util\applyRoutes.js:2:24)
    at Object.<anonymous> (C:\Users\user\Desktop\Node-Setup\index.js:6:1)
    at Module._compile (internal/modules/cjs/loader.js:778:30)
    at Object.Module._extensions..js (internal/modules/cjs/loader.js:789:10)
    at Module.load (internal/modules/cjs/loader.js:653:32)
    at tryModuleLoad (internal/modules/cjs/loader.js:593:12)
    at Function.Module._load (internal/modules/cjs/loader.js:585:3)
    at Function.Module.runMain (internal/modules/cjs/loader.js:831:12)
    at startup (internal/bootstrap/node.js:283:19)
    at bootstrapNodeJSCore (internal/bootstrap/node.js:622:3) {"error":{"code":"MODULE_NOT_FOUND"},"stack":"Error: Cannot find module '../routes/users'\n    at Function.Module._resolveFilename (internal/modules/cjs/loader.js:636:15)\n    at Function.Module._load (internal/modules/cjs/loader.js:562:25)\n    at Module.require (internal/modules/cjs/loader.js:692:17)\n    at require (internal/modules/cjs/helpers.js:25:18)\n    at module.exports (C:\\Users\\user\\Desktop\\Node-Setup\\util\\applyRoutes.js:2:24)\n    at Object.<anonymous> (C:\\Users\\user\\Desktop\\Node-Setup\\index.js:6:1)\n    at Module._compile (internal/modules/cjs/loader.js:778:30)\n    at Object.Module._extensions..js (internal/modules/cjs/loader.js:789:10)\n    at Module.load (internal/modules/cjs/loader.js:653:32)\n    at tryModuleLoad (internal/modules/cjs/loader.js:593:12)\n    at Function.Module._load (internal/modules/cjs/loader.js:585:3)\n    at Function.Module.runMain (internal/modules/cjs/loader.js:831:12)\n    at startup (internal/bootstrap/node.js:283:19)\n    at bootstrapNodeJSCore (internal/bootstrap/node.js:622:3)","exception":true,"date":"Sun May 24 2020 00:47:25 GMT+0100 (West Africa Standard Time)","process":{"pid":1952,"uid":null,"gid":null,"cwd":"C:\\Users\\user\\Desktop\\Node-Setup","execPath":"C:\\Program Files\\nodejs\\node.exe","version":"v10.16.3","argv":["C:\\Program Files\\nodejs\\node.exe","C:\\Users\\user\\Desktop\\Node-Setup\\index.js"],"memoryUsage":{"rss":55627776,"heapTotal":37994496,"heapUsed":21570800,"external":18511504}},"os":{"loadavg":[0,0,0],"uptime":182585},"trace":[{"column":15,"file":"internal/modules/cjs/loader.js","function":"Module._resolveFilename","line":636,"method":"_resolveFilename","native":false},{"column":25,"file":"internal/modules/cjs/loader.js","function":"Module._load","line":562,"method":"_load","native":false},{"column":17,"file":"internal/modules/cjs/loader.js","function":"Module.require","line":692,"method":"require","native":false},{"column":18,"file":"internal/modules/cjs/helpers.js","function":"require","line":25,"method":null,"native":false},{"column":24,"file":"C:\\Users\\user\\Desktop\\Node-Setup\\util\\applyRoutes.js","function":"module.exports","line":2,"method":"exports","native":false},{"column":1,"file":"C:\\Users\\user\\Desktop\\Node-Setup\\index.js","function":null,"line":6,"method":null,"native":false},{"column":30,"file":"internal/modules/cjs/loader.js","function":"Module._compile","line":778,"method":"_compile","native":false},{"column":10,"file":"internal/modules/cjs/loader.js","function":"Module._extensions..js","line":789,"method":".js","native":false},{"column":32,"file":"internal/modules/cjs/loader.js","function":"Module.load","line":653,"method":"load","native":false},{"column":12,"file":"internal/modules/cjs/loader.js","function":"tryModuleLoad","line":593,"method":null,"native":false},{"column":3,"file":"internal/modules/cjs/loader.js","function":"Module._load","line":585,"method":"_load","native":false},{"column":12,"file":"internal/modules/cjs/loader.js","function":"Module.runMain","line":831,"method":"runMain","native":false},{"column":19,"file":"internal/bootstrap/node.js","function":"startup","line":283,"method":null,"native":false},{"column":3,"file":"internal/bootstrap/node.js","function":"bootstrapNodeJSCore","line":622,"method":null,"native":false}]}
